[2026-03-11T01:15:15.609Z] 
→ Starting: Pre-Analysis
[2026-03-11T01:15:15.619Z] ════════════════════════════════════════════════════════════
[2026-03-11T01:15:15.619Z] 🔷  Step 0: Pre-Analysis - Analyzing Recent Changes
[2026-03-11T01:15:15.619Z] ════════════════════════════════════════════════════════════
[2026-03-11T01:15:15.637Z] Commits ahead of remote: 0
[2026-03-11T01:15:15.637Z] Modified files: 374
[2026-03-11T01:15:15.641Z] ✓ Project kind from config: nodejs_automation (configured)
[2026-03-11T01:15:15.652Z] ✓ Pre-analysis complete:
  • Commits ahead: 0
  • Modified files: 374
  • Change scope: configuration
  • Documentation: 0 files
  • Tests: 0 files
  • Source: 0 files
  • Config: 1 files
  • Project kind: nodejs_automation (100% confidence)

[2026-03-11T01:15:15.656Z] ✓ Step step_00 completed in 48ms
[2026-03-11T01:15:15.656Z] [DEBUG] [Performance] step_00: 48ms
[2026-03-11T01:15:15.656Z] [DEBUG] Recorded outcome for step_00: success
[2026-03-11T01:15:15.656Z] ✓ Completed: Pre-Analysis (0s)
