[2026-03-11T01:15:49.799Z] 
→ Starting: Documentation Optimization
[2026-03-11T01:15:49.814Z] Documentation optimization initialized
[2026-03-11T01:15:49.814Z] ════════════════════════════════════════════════════════════
[2026-03-11T01:15:49.814Z] 🔷  Step 2.5: Documentation Optimization
[2026-03-11T01:15:49.814Z] ════════════════════════════════════════════════════════════
[2026-03-11T01:15:49.815Z] Phase 1: Heuristics Analysis (9 files)
[2026-03-11T01:15:49.817Z] Calculating content hashes...
[2026-03-11T01:15:49.817Z] Found 0 duplicate groups (0 redundant files)
[2026-03-11T01:15:49.817Z] Analyzing document similarity...
[2026-03-11T01:15:49.825Z] Found 0 redundant pairs above 80% similarity
[2026-03-11T01:15:49.825Z] Found 0 exact duplicates, 0 redundant pairs
[2026-03-11T01:15:49.825Z] Phase 2: Git History Analysis
[2026-03-11T01:15:49.825Z] Analyzing git history for 9 files...
[2026-03-11T01:15:49.893Z] Completed git analysis for 9 files
[2026-03-11T01:15:49.894Z] Found 0 outdated files
[2026-03-11T01:15:49.894Z] Phase 3: Version Reference Analysis
[2026-03-11T01:15:49.895Z] Detected version from package.json: 0.5.5
[2026-03-11T01:15:49.895Z] Analyzing version references in 9 files (current: 0.5.5)...
[2026-03-11T01:15:49.898Z] Completed version analysis for 9 files
[2026-03-11T01:15:49.899Z] Version analysis complete (0 total outdated)
[2026-03-11T01:15:49.899Z] Phase 4: AI Edge Case Analysis (skipped - no AI analyzer)
[2026-03-11T01:15:49.899Z] Phase 5: Optimization Summary
[2026-03-11T01:15:49.899Z] 
📊 Analysis Results:
───────────────────
  Total files analyzed: 9
  Exact duplicates: 0
  Redundant pairs: 0
  Outdated files: 0
  Files to optimize: 0

[2026-03-11T01:15:49.899Z] No optimizations needed
[2026-03-11T01:15:49.899Z] ✓ Workflow complete (0s)
[2026-03-11T01:15:49.899Z] ✓ Step step_02_5 completed in 100ms
[2026-03-11T01:15:49.899Z] [DEBUG] [Performance] step_02_5: 100ms
[2026-03-11T01:15:49.899Z] [DEBUG] Recorded outcome for step_02_5: success
[2026-03-11T01:15:49.899Z] ✓ Completed: Documentation Optimization (0s)
