[2026-03-11T01:15:15.656Z] 
→ Starting: Bootstrap Documentation
[2026-03-11T01:15:15.666Z] [DEBUG] Step0bBootstrapDocs.execute()
[2026-03-11T01:15:15.666Z] ════════════════════════════════════════════════════════════
[2026-03-11T01:15:15.666Z] 🔷  Step 0b: Documentation Gap Analysis and Generation
[2026-03-11T01:15:15.666Z] ════════════════════════════════════════════════════════════
[2026-03-11T01:15:15.666Z] Phase 1: Gathering project statistics...
[2026-03-11T01:15:15.666Z] [DEBUG] Gathering project statistics by scanning files...
[2026-03-11T01:15:15.666Z] [DEBUG] Listing all files in the project directory...
[2026-03-11T01:15:15.666Z] [DEBUG] Project root: /home/mpb/Documents/GitHub/olinda_shell_interface.js
[2026-03-11T01:15:15.667Z] [DEBUG] Total files found: 97
[2026-03-11T01:15:15.667Z] [DEBUG] Converting to relative paths...
[2026-03-11T01:15:15.668Z] Project has 17 documentation files and 51 source files
[2026-03-11T01:15:15.668Z] README.md size: 2569 bytes, Has CHANGELOG: true, Has docs/ directory: true
[2026-03-11T01:15:15.668Z] Phase 2: Evaluating documentation coverage...
[2026-03-11T01:15:15.668Z] Step 0b: Documentation coverage adequate - no bootstrap needed
[2026-03-11T01:15:15.668Z] ✓ Step step_0b completed in 12ms
[2026-03-11T01:15:15.668Z] [DEBUG] [Performance] step_0b: 12ms
[2026-03-11T01:15:15.668Z] [DEBUG] Recorded outcome for step_0b: success
[2026-03-11T01:15:15.668Z] ✓ Completed: Bootstrap Documentation (0s)
