[2026-03-04T14:48:55.396Z] 
→ Starting: Documentation Optimization
[2026-03-04T14:48:55.397Z] Documentation optimization initialized
[2026-03-04T14:48:55.397Z] ════════════════════════════════════════════════════════════
[2026-03-04T14:48:55.397Z] 🔷  Step 2.5: Documentation Optimization
[2026-03-04T14:48:55.397Z] ════════════════════════════════════════════════════════════
[2026-03-04T14:48:55.398Z] Phase 1: Heuristics Analysis (6 files)
[2026-03-04T14:48:55.401Z] Calculating content hashes...
[2026-03-04T14:48:55.402Z] Found 0 duplicate groups (0 redundant files)
[2026-03-04T14:48:55.402Z] Analyzing document similarity...
[2026-03-04T14:48:55.413Z] Found 0 redundant pairs above 80% similarity
[2026-03-04T14:48:55.413Z] Found 0 exact duplicates, 0 redundant pairs
[2026-03-04T14:48:55.414Z] Phase 2: Git History Analysis
[2026-03-04T14:48:55.414Z] Analyzing git history for 6 files...
[2026-03-04T14:48:55.516Z] Completed git analysis for 6 files
[2026-03-04T14:48:55.516Z] Found 0 outdated files
[2026-03-04T14:48:55.517Z] Phase 3: Version Reference Analysis
[2026-03-04T14:48:55.518Z] Detected version from package.json: 0.4.4
[2026-03-04T14:48:55.518Z] Analyzing version references in 6 files (current: 0.4.4)...
[2026-03-04T14:48:55.523Z] Completed version analysis for 6 files
[2026-03-04T14:48:55.523Z] Version analysis complete (0 total outdated)
[2026-03-04T14:48:55.523Z] Phase 4: AI Edge Case Analysis (skipped - no AI analyzer)
[2026-03-04T14:48:55.523Z] Phase 5: Optimization Summary
[2026-03-04T14:48:55.524Z] 
📊 Analysis Results:
───────────────────
  Total files analyzed: 6
  Exact duplicates: 0
  Redundant pairs: 0
  Outdated files: 0
  Files to optimize: 0

[2026-03-04T14:48:55.524Z] No optimizations needed
[2026-03-04T14:48:55.524Z] ✓ Workflow complete (0s)
[2026-03-04T14:48:55.524Z] ✓ Step step_02_5 completed in 128ms
[2026-03-04T14:48:55.524Z] [DEBUG] [Performance] step_02_5: 128ms
[2026-03-04T14:48:55.524Z] [DEBUG] Recorded outcome for step_02_5: success
[2026-03-04T14:48:55.524Z] ✓ Completed: Documentation Optimization (0s)
