[2026-03-04T14:47:52.768Z] 
→ Starting: Bootstrap Documentation
[2026-03-04T14:47:52.769Z] [DEBUG] Step0bBootstrapDocs.execute()
[2026-03-04T14:47:52.769Z] ════════════════════════════════════════════════════════════
[2026-03-04T14:47:52.769Z] 🔷  Step 0b: Documentation Gap Analysis and Generation
[2026-03-04T14:47:52.769Z] ════════════════════════════════════════════════════════════
[2026-03-04T14:47:52.769Z] Phase 1: Gathering project statistics...
[2026-03-04T14:47:52.769Z] [DEBUG] Gathering project statistics by scanning files...
[2026-03-04T14:47:52.769Z] [DEBUG] Listing all files in the project directory...
[2026-03-04T14:47:52.769Z] [DEBUG] Project root: /home/mpb/Documents/GitHub/olinda_shell_interface.js
[2026-03-04T14:47:52.777Z] [DEBUG] Total files found: 76
[2026-03-04T14:47:52.777Z] [DEBUG] Converting to relative paths...
[2026-03-04T14:47:52.778Z] Project has 12 documentation files and 39 source files
[2026-03-04T14:47:52.778Z] README.md size: 1668 bytes, Has CHANGELOG: true, Has docs/ directory: true
[2026-03-04T14:47:52.778Z] Phase 2: Evaluating documentation coverage...
[2026-03-04T14:47:52.779Z] Step 0b: Documentation coverage adequate - no bootstrap needed
[2026-03-04T14:47:52.779Z] ✓ Step step_0b completed in 12ms
[2026-03-04T14:47:52.780Z] [DEBUG] [Performance] step_0b: 12ms
[2026-03-04T14:47:52.780Z] [DEBUG] Recorded outcome for step_0b: success
[2026-03-04T14:47:52.780Z] ✓ Completed: Bootstrap Documentation (0s)
