[2026-03-04T14:47:52.686Z] 
→ Starting: Pre-Analysis
[2026-03-04T14:47:52.687Z] ════════════════════════════════════════════════════════════
[2026-03-04T14:47:52.687Z] 🔷  Step 0: Pre-Analysis - Analyzing Recent Changes
[2026-03-04T14:47:52.687Z] ════════════════════════════════════════════════════════════
[2026-03-04T14:47:52.723Z] Commits ahead of remote: 0
[2026-03-04T14:47:52.723Z] Modified files: 237
[2026-03-04T14:47:52.733Z] ✓ Project kind from config: nodejs_automation (configured)
[2026-03-04T14:47:52.753Z] ✓ Pre-analysis complete:
  • Commits ahead: 0
  • Modified files: 237
  • Change scope: configuration
  • Documentation: 0 files
  • Tests: 0 files
  • Source: 0 files
  • Config: 3 files
  • Project kind: nodejs_automation (100% confidence)

[2026-03-04T14:47:52.765Z] ✓ Step step_00 completed in 80ms
[2026-03-04T14:47:52.766Z] [DEBUG] [Performance] step_00: 81ms
[2026-03-04T14:47:52.767Z] [DEBUG] Recorded outcome for step_00: success
[2026-03-04T14:47:52.767Z] ✓ Completed: Pre-Analysis (0s)
