[2026-03-03T03:34:20.906Z] 
→ Starting: Documentation Optimization
[2026-03-03T03:34:20.907Z] Documentation optimization initialized
[2026-03-03T03:34:20.907Z] ════════════════════════════════════════════════════════════
[2026-03-03T03:34:20.907Z] 🔷  Step 2.5: Documentation Optimization
[2026-03-03T03:34:20.907Z] ════════════════════════════════════════════════════════════
[2026-03-03T03:34:20.907Z] Phase 1: Heuristics Analysis (6 files)
[2026-03-03T03:34:20.908Z] Calculating content hashes...
[2026-03-03T03:34:20.908Z] Found 0 duplicate groups (0 redundant files)
[2026-03-03T03:34:20.908Z] Analyzing document similarity...
[2026-03-03T03:34:20.913Z] Found 0 redundant pairs above 80% similarity
[2026-03-03T03:34:20.913Z] Found 0 exact duplicates, 0 redundant pairs
[2026-03-03T03:34:20.913Z] Phase 2: Git History Analysis
[2026-03-03T03:34:20.913Z] Analyzing git history for 6 files...
[2026-03-03T03:34:20.938Z] Completed git analysis for 6 files
[2026-03-03T03:34:20.938Z] Found 0 outdated files
[2026-03-03T03:34:20.938Z] Phase 3: Version Reference Analysis
[2026-03-03T03:34:20.939Z] Detected version from package.json: 0.4.0
[2026-03-03T03:34:20.939Z] Analyzing version references in 6 files (current: 0.4.0)...
[2026-03-03T03:34:20.941Z] Completed version analysis for 6 files
[2026-03-03T03:34:20.941Z] Version analysis complete (0 total outdated)
[2026-03-03T03:34:20.941Z] Phase 4: AI Edge Case Analysis (skipped - no AI analyzer)
[2026-03-03T03:34:20.941Z] Phase 5: Optimization Summary
[2026-03-03T03:34:20.941Z] 
📊 Analysis Results:
───────────────────
  Total files analyzed: 6
  Exact duplicates: 0
  Redundant pairs: 0
  Outdated files: 0
  Files to optimize: 0

[2026-03-03T03:34:20.941Z] No optimizations needed
[2026-03-03T03:34:20.941Z] ✓ Workflow complete (0s)
[2026-03-03T03:34:20.941Z] ✓ Step step_02_5 completed in 35ms
[2026-03-03T03:34:20.941Z] [DEBUG] [Performance] step_02_5: 35ms
[2026-03-03T03:34:20.941Z] [DEBUG] Recorded outcome for step_02_5: success
[2026-03-03T03:34:20.941Z] ✓ Completed: Documentation Optimization (0s)
