[2026-03-03T03:27:05.413Z] 
→ Starting: Pre-Analysis
[2026-03-03T03:27:05.413Z] ════════════════════════════════════════════════════════════
[2026-03-03T03:27:05.413Z] 🔷  Step 0: Pre-Analysis - Analyzing Recent Changes
[2026-03-03T03:27:05.413Z] ════════════════════════════════════════════════════════════
[2026-03-03T03:27:05.428Z] Commits ahead of remote: 0
[2026-03-03T03:27:05.428Z] Modified files: 85
[2026-03-03T03:27:05.431Z] ✓ Project kind from config: nodejs_automation (configured)
[2026-03-03T03:27:05.437Z] ✓ Pre-analysis complete:
  • Commits ahead: 0
  • Modified files: 85
  • Change scope: full-stack
  • Documentation: 3 files
  • Tests: 2 files
  • Source: 15 files
  • Config: 2 files
  • Project kind: nodejs_automation (100% confidence)

[2026-03-03T03:27:05.441Z] ✓ Step step_00 completed in 28ms
[2026-03-03T03:27:05.441Z] [DEBUG] [Performance] step_00: 28ms
[2026-03-03T03:27:05.441Z] [DEBUG] Recorded outcome for step_00: success
[2026-03-03T03:27:05.441Z] ✓ Completed: Pre-Analysis (0s)
