[2026-03-05T02:26:35.600Z] 
→ Starting: Documentation Optimization
[2026-03-05T02:26:35.600Z] Documentation optimization initialized
[2026-03-05T02:26:35.600Z] ════════════════════════════════════════════════════════════
[2026-03-05T02:26:35.600Z] 🔷  Step 2.5: Documentation Optimization
[2026-03-05T02:26:35.600Z] ════════════════════════════════════════════════════════════
[2026-03-05T02:26:35.600Z] Phase 1: Heuristics Analysis (8 files)
[2026-03-05T02:26:35.601Z] Calculating content hashes...
[2026-03-05T02:26:35.601Z] Found 0 duplicate groups (0 redundant files)
[2026-03-05T02:26:35.601Z] Analyzing document similarity...
[2026-03-05T02:26:35.608Z] Found 0 redundant pairs above 80% similarity
[2026-03-05T02:26:35.608Z] Found 0 exact duplicates, 0 redundant pairs
[2026-03-05T02:26:35.608Z] Phase 2: Git History Analysis
[2026-03-05T02:26:35.608Z] Analyzing git history for 8 files...
[2026-03-05T02:26:35.646Z] Completed git analysis for 8 files
[2026-03-05T02:26:35.647Z] Found 0 outdated files
[2026-03-05T02:26:35.647Z] Phase 3: Version Reference Analysis
[2026-03-05T02:26:35.648Z] Detected version from package.json: 0.4.5
[2026-03-05T02:26:35.648Z] Analyzing version references in 8 files (current: 0.4.5)...
[2026-03-05T02:26:35.650Z] Completed version analysis for 8 files
[2026-03-05T02:26:35.650Z] Version analysis complete (0 total outdated)
[2026-03-05T02:26:35.650Z] Phase 4: AI Edge Case Analysis (skipped - no AI analyzer)
[2026-03-05T02:26:35.651Z] Phase 5: Optimization Summary
[2026-03-05T02:26:35.651Z] 
📊 Analysis Results:
───────────────────
  Total files analyzed: 8
  Exact duplicates: 0
  Redundant pairs: 0
  Outdated files: 0
  Files to optimize: 0

[2026-03-05T02:26:35.651Z] No optimizations needed
[2026-03-05T02:26:35.651Z] ✓ Workflow complete (0s)
[2026-03-05T02:26:35.651Z] ✓ Step step_02_5 completed in 51ms
[2026-03-05T02:26:35.651Z] [DEBUG] [Performance] step_02_5: 51ms
[2026-03-05T02:26:35.651Z] [DEBUG] Recorded outcome for step_02_5: success
[2026-03-05T02:26:35.651Z] ✓ Completed: Documentation Optimization (0s)
