[2026-03-05T02:22:57.459Z] 
→ Starting: Bootstrap Documentation
[2026-03-05T02:22:57.460Z] [DEBUG] Step0bBootstrapDocs.execute()
[2026-03-05T02:22:57.460Z] ════════════════════════════════════════════════════════════
[2026-03-05T02:22:57.460Z] 🔷  Step 0b: Documentation Gap Analysis and Generation
[2026-03-05T02:22:57.460Z] ════════════════════════════════════════════════════════════
[2026-03-05T02:22:57.460Z] Phase 1: Gathering project statistics...
[2026-03-05T02:22:57.460Z] [DEBUG] Gathering project statistics by scanning files...
[2026-03-05T02:22:57.460Z] [DEBUG] Listing all files in the project directory...
[2026-03-05T02:22:57.460Z] [DEBUG] Project root: /home/mpb/Documents/GitHub/olinda_shell_interface.js
[2026-03-05T02:22:57.461Z] [DEBUG] Total files found: 82
[2026-03-05T02:22:57.461Z] [DEBUG] Converting to relative paths...
[2026-03-05T02:22:57.462Z] Project has 14 documentation files and 43 source files
[2026-03-05T02:22:57.462Z] README.md size: 1668 bytes, Has CHANGELOG: true, Has docs/ directory: true
[2026-03-05T02:22:57.462Z] Phase 2: Evaluating documentation coverage...
[2026-03-05T02:22:57.462Z] Step 0b: Documentation coverage adequate - no bootstrap needed
[2026-03-05T02:22:57.462Z] ✓ Step step_0b completed in 3ms
[2026-03-05T02:22:57.462Z] [DEBUG] [Performance] step_0b: 3ms
[2026-03-05T02:22:57.462Z] [DEBUG] Recorded outcome for step_0b: success
[2026-03-05T02:22:57.462Z] ✓ Completed: Bootstrap Documentation (0s)
