[2026-03-05T02:22:57.429Z] 
→ Starting: Pre-Analysis
[2026-03-05T02:22:57.430Z] ════════════════════════════════════════════════════════════
[2026-03-05T02:22:57.430Z] 🔷  Step 0: Pre-Analysis - Analyzing Recent Changes
[2026-03-05T02:22:57.430Z] ════════════════════════════════════════════════════════════
[2026-03-05T02:22:57.444Z] Commits ahead of remote: 0
[2026-03-05T02:22:57.444Z] Modified files: 70
[2026-03-05T02:22:57.449Z] ✓ Project kind from config: nodejs_automation (configured)
[2026-03-05T02:22:57.455Z] ✓ Pre-analysis complete:
  • Commits ahead: 0
  • Modified files: 70
  • Change scope: full-stack
  • Documentation: 2 files
  • Tests: 2 files
  • Source: 4 files
  • Config: 2 files
  • Project kind: nodejs_automation (100% confidence)

[2026-03-05T02:22:57.459Z] ✓ Step step_00 completed in 30ms
[2026-03-05T02:22:57.459Z] [DEBUG] [Performance] step_00: 30ms
[2026-03-05T02:22:57.459Z] [DEBUG] Recorded outcome for step_00: success
[2026-03-05T02:22:57.459Z] ✓ Completed: Pre-Analysis (0s)
