[2026-03-03T02:00:22.158Z] 
→ Starting: Pre-Analysis
[2026-03-03T02:00:22.158Z] ════════════════════════════════════════════════════════════
[2026-03-03T02:00:22.158Z] 🔷  Step 0: Pre-Analysis - Analyzing Recent Changes
[2026-03-03T02:00:22.158Z] ════════════════════════════════════════════════════════════
[2026-03-03T02:00:22.173Z] Commits ahead of remote: 0
[2026-03-03T02:00:22.173Z] Modified files: 2
[2026-03-03T02:00:22.176Z] ✓ Project kind from config: nodejs_automation (configured)
[2026-03-03T02:00:22.179Z] ✓ Pre-analysis complete:
  • Commits ahead: 0
  • Modified files: 2
  • Change scope: mixed-changes
  • Documentation: 1 files
  • Tests: 1 files
  • Source: 0 files
  • Config: 0 files
  • Project kind: nodejs_automation (100% confidence)

[2026-03-03T02:00:22.183Z] ✓ Step step_00 completed in 25ms
[2026-03-03T02:00:22.183Z] [DEBUG] [Performance] step_00: 25ms
[2026-03-03T02:00:22.183Z] [DEBUG] Recorded outcome for step_00: success
[2026-03-03T02:00:22.183Z] ✓ Completed: Pre-Analysis (0s)
