[2026-03-03T21:10:23.992Z] 
→ Starting: Bootstrap Documentation
[2026-03-03T21:10:23.993Z] [DEBUG] Step0bBootstrapDocs.execute()
[2026-03-03T21:10:23.993Z] ════════════════════════════════════════════════════════════
[2026-03-03T21:10:23.993Z] 🔷  Step 0b: Documentation Gap Analysis and Generation
[2026-03-03T21:10:23.993Z] ════════════════════════════════════════════════════════════
[2026-03-03T21:10:23.993Z] Phase 1: Gathering project statistics...
[2026-03-03T21:10:23.993Z] [DEBUG] Gathering project statistics by scanning files...
[2026-03-03T21:10:23.993Z] [DEBUG] Listing all files in the project directory...
[2026-03-03T21:10:23.993Z] [DEBUG] Project root: /home/mpb/Documents/GitHub/olinda_shell_interface.js
[2026-03-03T21:10:23.996Z] [DEBUG] Total files found: 249
[2026-03-03T21:10:23.996Z] [DEBUG] Converting to relative paths...
[2026-03-03T21:10:23.998Z] Project has 138 documentation files and 39 source files
[2026-03-03T21:10:23.998Z] README.md size: 1668 bytes, Has CHANGELOG: true, Has docs/ directory: true
[2026-03-03T21:10:23.998Z] Phase 2: Evaluating documentation coverage...
[2026-03-03T21:10:23.998Z] Step 0b: Documentation coverage adequate - no bootstrap needed
[2026-03-03T21:10:23.998Z] ✓ Step step_0b completed in 6ms
[2026-03-03T21:10:23.998Z] [DEBUG] [Performance] step_0b: 6ms
[2026-03-03T21:10:23.999Z] [DEBUG] Recorded outcome for step_0b: success
[2026-03-03T21:10:23.999Z] ✓ Completed: Bootstrap Documentation (0s)
