[2026-03-03T21:11:11.892Z] 
→ Starting: Documentation Optimization
[2026-03-03T21:11:11.892Z] Documentation optimization initialized
[2026-03-03T21:11:11.892Z] ════════════════════════════════════════════════════════════
[2026-03-03T21:11:11.892Z] 🔷  Step 2.5: Documentation Optimization
[2026-03-03T21:11:11.892Z] ════════════════════════════════════════════════════════════
[2026-03-03T21:11:11.892Z] Phase 1: Heuristics Analysis (6 files)
[2026-03-03T21:11:11.893Z] Calculating content hashes...
[2026-03-03T21:11:11.893Z] Found 0 duplicate groups (0 redundant files)
[2026-03-03T21:11:11.893Z] Analyzing document similarity...
[2026-03-03T21:11:11.897Z] Found 0 redundant pairs above 80% similarity
[2026-03-03T21:11:11.897Z] Found 0 exact duplicates, 0 redundant pairs
[2026-03-03T21:11:11.897Z] Phase 2: Git History Analysis
[2026-03-03T21:11:11.897Z] Analyzing git history for 6 files...
[2026-03-03T21:11:11.928Z] Completed git analysis for 6 files
[2026-03-03T21:11:11.929Z] Found 0 outdated files
[2026-03-03T21:11:11.929Z] Phase 3: Version Reference Analysis
[2026-03-03T21:11:11.929Z] Detected version from package.json: 0.4.3
[2026-03-03T21:11:11.929Z] Analyzing version references in 6 files (current: 0.4.3)...
[2026-03-03T21:11:11.932Z] Completed version analysis for 6 files
[2026-03-03T21:11:11.932Z] Version analysis complete (0 total outdated)
[2026-03-03T21:11:11.932Z] Phase 4: AI Edge Case Analysis (skipped - no AI analyzer)
[2026-03-03T21:11:11.932Z] Phase 5: Optimization Summary
[2026-03-03T21:11:11.932Z] 
📊 Analysis Results:
───────────────────
  Total files analyzed: 6
  Exact duplicates: 0
  Redundant pairs: 0
  Outdated files: 0
  Files to optimize: 0

[2026-03-03T21:11:11.932Z] No optimizations needed
[2026-03-03T21:11:11.932Z] ✓ Workflow complete (0s)
[2026-03-03T21:11:11.932Z] ✓ Step step_02_5 completed in 41ms
[2026-03-03T21:11:11.933Z] [DEBUG] [Performance] step_02_5: 41ms
[2026-03-03T21:11:11.933Z] [DEBUG] Recorded outcome for step_02_5: success
[2026-03-03T21:11:11.933Z] ✓ Completed: Documentation Optimization (0s)
