[2026-03-05T17:22:25.388Z] 
→ Starting: Pre-Analysis
[2026-03-05T17:22:25.388Z] ════════════════════════════════════════════════════════════
[2026-03-05T17:22:25.388Z] 🔷  Step 0: Pre-Analysis - Analyzing Recent Changes
[2026-03-05T17:22:25.388Z] ════════════════════════════════════════════════════════════
[2026-03-05T17:22:25.404Z] Commits ahead of remote: 0
[2026-03-05T17:22:25.404Z] Modified files: 7
[2026-03-05T17:22:25.407Z] ✓ Project kind from config: nodejs_automation (configured)
[2026-03-05T17:22:25.416Z] ✓ Pre-analysis complete:
  • Commits ahead: 0
  • Modified files: 7
  • Change scope: mixed-changes
  • Documentation: 0 files
  • Tests: 0 files
  • Source: 0 files
  • Config: 0 files
  • Project kind: nodejs_automation (100% confidence)

[2026-03-05T17:22:25.419Z] ✓ Step step_00 completed in 31ms
[2026-03-05T17:22:25.420Z] [DEBUG] [Performance] step_00: 32ms
[2026-03-05T17:22:25.420Z] [DEBUG] Recorded outcome for step_00: success
[2026-03-05T17:22:25.420Z] ✓ Completed: Pre-Analysis (0s)
