[2026-03-05T17:22:25.420Z] 
→ Starting: Bootstrap Documentation
[2026-03-05T17:22:25.421Z] [DEBUG] Step0bBootstrapDocs.execute()
[2026-03-05T17:22:25.421Z] ════════════════════════════════════════════════════════════
[2026-03-05T17:22:25.421Z] 🔷  Step 0b: Documentation Gap Analysis and Generation
[2026-03-05T17:22:25.421Z] ════════════════════════════════════════════════════════════
[2026-03-05T17:22:25.421Z] Phase 1: Gathering project statistics...
[2026-03-05T17:22:25.421Z] [DEBUG] Gathering project statistics by scanning files...
[2026-03-05T17:22:25.421Z] [DEBUG] Listing all files in the project directory...
[2026-03-05T17:22:25.421Z] [DEBUG] Project root: /home/mpb/Documents/GitHub/olinda_shell_interface.js
[2026-03-05T17:22:25.423Z] [DEBUG] Total files found: 153
[2026-03-05T17:22:25.423Z] [DEBUG] Converting to relative paths...
[2026-03-05T17:22:25.424Z] Project has 47 documentation files and 51 source files
[2026-03-05T17:22:25.424Z] README.md size: 2569 bytes, Has CHANGELOG: true, Has docs/ directory: true
[2026-03-05T17:22:25.424Z] Phase 2: Evaluating documentation coverage...
[2026-03-05T17:22:25.424Z] Step 0b: Documentation coverage adequate - no bootstrap needed
[2026-03-05T17:22:25.424Z] ✓ Step step_0b completed in 4ms
[2026-03-05T17:22:25.425Z] [DEBUG] [Performance] step_0b: 4ms
[2026-03-05T17:22:25.425Z] [DEBUG] Recorded outcome for step_0b: success
[2026-03-05T17:22:25.425Z] ✓ Completed: Bootstrap Documentation (0s)
