[2026-03-05T15:26:08.554Z] 
→ Starting: Documentation Optimization
[2026-03-05T15:26:08.555Z] Documentation optimization initialized
[2026-03-05T15:26:08.555Z] ════════════════════════════════════════════════════════════
[2026-03-05T15:26:08.555Z] 🔷  Step 2.5: Documentation Optimization
[2026-03-05T15:26:08.555Z] ════════════════════════════════════════════════════════════
[2026-03-05T15:26:08.556Z] Phase 1: Heuristics Analysis (8 files)
[2026-03-05T15:26:08.556Z] Calculating content hashes...
[2026-03-05T15:26:08.557Z] Found 0 duplicate groups (0 redundant files)
[2026-03-05T15:26:08.557Z] Analyzing document similarity...
[2026-03-05T15:26:08.567Z] Found 0 redundant pairs above 80% similarity
[2026-03-05T15:26:08.567Z] Found 0 exact duplicates, 0 redundant pairs
[2026-03-05T15:26:08.567Z] Phase 2: Git History Analysis
[2026-03-05T15:26:08.567Z] Analyzing git history for 8 files...
[2026-03-05T15:26:08.613Z] Completed git analysis for 8 files
[2026-03-05T15:26:08.613Z] Found 0 outdated files
[2026-03-05T15:26:08.613Z] Phase 3: Version Reference Analysis
[2026-03-05T15:26:08.614Z] Detected version from package.json: 0.4.7
[2026-03-05T15:26:08.614Z] Analyzing version references in 8 files (current: 0.4.7)...
[2026-03-05T15:26:08.616Z] Completed version analysis for 8 files
[2026-03-05T15:26:08.616Z] Version analysis complete (0 total outdated)
[2026-03-05T15:26:08.616Z] Phase 4: AI Edge Case Analysis (skipped - no AI analyzer)
[2026-03-05T15:26:08.616Z] Phase 5: Optimization Summary
[2026-03-05T15:26:08.616Z] 
📊 Analysis Results:
───────────────────
  Total files analyzed: 8
  Exact duplicates: 0
  Redundant pairs: 0
  Outdated files: 0
  Files to optimize: 0

[2026-03-05T15:26:08.616Z] No optimizations needed
[2026-03-05T15:26:08.616Z] ✓ Workflow complete (0s)
[2026-03-05T15:26:08.616Z] ✓ Step step_02_5 completed in 62ms
[2026-03-05T15:26:08.616Z] [DEBUG] [Performance] step_02_5: 62ms
[2026-03-05T15:26:08.617Z] [DEBUG] Recorded outcome for step_02_5: success
[2026-03-05T15:26:08.617Z] ✓ Completed: Documentation Optimization (0s)
