[2026-03-05T15:25:08.866Z] 
→ Starting: Bootstrap Documentation
[2026-03-05T15:25:08.866Z] [DEBUG] Step0bBootstrapDocs.execute()
[2026-03-05T15:25:08.866Z] ════════════════════════════════════════════════════════════
[2026-03-05T15:25:08.866Z] 🔷  Step 0b: Documentation Gap Analysis and Generation
[2026-03-05T15:25:08.866Z] ════════════════════════════════════════════════════════════
[2026-03-05T15:25:08.866Z] Phase 1: Gathering project statistics...
[2026-03-05T15:25:08.866Z] [DEBUG] Gathering project statistics by scanning files...
[2026-03-05T15:25:08.866Z] [DEBUG] Listing all files in the project directory...
[2026-03-05T15:25:08.866Z] [DEBUG] Project root: /home/mpb/Documents/GitHub/olinda_shell_interface.js
[2026-03-05T15:25:08.869Z] [DEBUG] Total files found: 86
[2026-03-05T15:25:08.869Z] [DEBUG] Converting to relative paths...
[2026-03-05T15:25:08.869Z] Project has 14 documentation files and 43 source files
[2026-03-05T15:25:08.869Z] README.md size: 2569 bytes, Has CHANGELOG: true, Has docs/ directory: true
[2026-03-05T15:25:08.869Z] Phase 2: Evaluating documentation coverage...
[2026-03-05T15:25:08.869Z] Step 0b: Documentation coverage adequate - no bootstrap needed
[2026-03-05T15:25:08.869Z] ✓ Step step_0b completed in 3ms
[2026-03-05T15:25:08.869Z] [DEBUG] [Performance] step_0b: 3ms
[2026-03-05T15:25:08.870Z] [DEBUG] Recorded outcome for step_0b: success
[2026-03-05T15:25:08.870Z] ✓ Completed: Bootstrap Documentation (0s)
