[2026-03-05T15:25:08.835Z] 
→ Starting: Pre-Analysis
[2026-03-05T15:25:08.835Z] ════════════════════════════════════════════════════════════
[2026-03-05T15:25:08.835Z] 🔷  Step 0: Pre-Analysis - Analyzing Recent Changes
[2026-03-05T15:25:08.835Z] ════════════════════════════════════════════════════════════
[2026-03-05T15:25:08.850Z] Commits ahead of remote: 0
[2026-03-05T15:25:08.850Z] Modified files: 65
[2026-03-05T15:25:08.854Z] ✓ Project kind from config: nodejs_automation (configured)
[2026-03-05T15:25:08.862Z] ✓ Pre-analysis complete:
  • Commits ahead: 0
  • Modified files: 65
  • Change scope: mixed-changes
  • Documentation: 4 files
  • Tests: 1 files
  • Source: 0 files
  • Config: 1 files
  • Project kind: nodejs_automation (100% confidence)

[2026-03-05T15:25:08.865Z] ✓ Step step_00 completed in 31ms
[2026-03-05T15:25:08.866Z] [DEBUG] [Performance] step_00: 31ms
[2026-03-05T15:25:08.866Z] [DEBUG] Recorded outcome for step_00: success
[2026-03-05T15:25:08.866Z] ✓ Completed: Pre-Analysis (0s)
