[2026-03-06T01:22:38.209Z] 
→ Starting: Pre-Analysis
[2026-03-06T01:22:38.210Z] ════════════════════════════════════════════════════════════
[2026-03-06T01:22:38.210Z] 🔷  Step 0: Pre-Analysis - Analyzing Recent Changes
[2026-03-06T01:22:38.210Z] ════════════════════════════════════════════════════════════
[2026-03-06T01:22:38.226Z] Commits ahead of remote: 0
[2026-03-06T01:22:38.226Z] Modified files: 1
[2026-03-06T01:22:38.232Z] ✓ Project kind from config: nodejs_automation (configured)
[2026-03-06T01:22:38.242Z] ✓ Pre-analysis complete:
  • Commits ahead: 0
  • Modified files: 1
  • Change scope: mixed-changes
  • Documentation: 0 files
  • Tests: 0 files
  • Source: 0 files
  • Config: 0 files
  • Project kind: nodejs_automation (100% confidence)

[2026-03-06T01:22:38.245Z] ✓ Step step_00 completed in 36ms
[2026-03-06T01:22:38.246Z] [DEBUG] [Performance] step_00: 36ms
[2026-03-06T01:22:38.246Z] [DEBUG] Recorded outcome for step_00: success
[2026-03-06T01:22:38.246Z] ✓ Completed: Pre-Analysis (0s)
