[2026-03-06T01:23:27.340Z] 
→ Starting: Documentation Optimization
[2026-03-06T01:23:27.341Z] Documentation optimization initialized
[2026-03-06T01:23:27.341Z] ════════════════════════════════════════════════════════════
[2026-03-06T01:23:27.341Z] 🔷  Step 2.5: Documentation Optimization
[2026-03-06T01:23:27.341Z] ════════════════════════════════════════════════════════════
[2026-03-06T01:23:27.341Z] Phase 1: Heuristics Analysis (8 files)
[2026-03-06T01:23:27.342Z] Calculating content hashes...
[2026-03-06T01:23:27.343Z] Found 0 duplicate groups (0 redundant files)
[2026-03-06T01:23:27.343Z] Analyzing document similarity...
[2026-03-06T01:23:27.351Z] Found 0 redundant pairs above 80% similarity
[2026-03-06T01:23:27.351Z] Found 0 exact duplicates, 0 redundant pairs
[2026-03-06T01:23:27.352Z] Phase 2: Git History Analysis
[2026-03-06T01:23:27.352Z] Analyzing git history for 8 files...
[2026-03-06T01:23:27.427Z] Completed git analysis for 8 files
[2026-03-06T01:23:27.427Z] Found 0 outdated files
[2026-03-06T01:23:27.427Z] Phase 3: Version Reference Analysis
[2026-03-06T01:23:27.428Z] Detected version from package.json: 0.5.0
[2026-03-06T01:23:27.428Z] Analyzing version references in 8 files (current: 0.5.0)...
[2026-03-06T01:23:27.430Z] Completed version analysis for 8 files
[2026-03-06T01:23:27.430Z] Version analysis complete (0 total outdated)
[2026-03-06T01:23:27.430Z] Phase 4: AI Edge Case Analysis (skipped - no AI analyzer)
[2026-03-06T01:23:27.430Z] Phase 5: Optimization Summary
[2026-03-06T01:23:27.430Z] 
📊 Analysis Results:
───────────────────
  Total files analyzed: 8
  Exact duplicates: 0
  Redundant pairs: 0
  Outdated files: 0
  Files to optimize: 0

[2026-03-06T01:23:27.430Z] No optimizations needed
[2026-03-06T01:23:27.430Z] ✓ Workflow complete (0s)
[2026-03-06T01:23:27.430Z] ✓ Step step_02_5 completed in 90ms
[2026-03-06T01:23:27.430Z] [DEBUG] [Performance] step_02_5: 90ms
[2026-03-06T01:23:27.430Z] [DEBUG] Recorded outcome for step_02_5: success
[2026-03-06T01:23:27.430Z] ✓ Completed: Documentation Optimization (0s)
