[2026-03-06T01:22:38.246Z] 
→ Starting: Bootstrap Documentation
[2026-03-06T01:22:38.246Z] [DEBUG] Step0bBootstrapDocs.execute()
[2026-03-06T01:22:38.246Z] ════════════════════════════════════════════════════════════
[2026-03-06T01:22:38.246Z] 🔷  Step 0b: Documentation Gap Analysis and Generation
[2026-03-06T01:22:38.246Z] ════════════════════════════════════════════════════════════
[2026-03-06T01:22:38.246Z] Phase 1: Gathering project statistics...
[2026-03-06T01:22:38.247Z] [DEBUG] Gathering project statistics by scanning files...
[2026-03-06T01:22:38.247Z] [DEBUG] Listing all files in the project directory...
[2026-03-06T01:22:38.247Z] [DEBUG] Project root: /home/mpb/Documents/GitHub/olinda_shell_interface.js
[2026-03-06T01:22:38.249Z] [DEBUG] Total files found: 220
[2026-03-06T01:22:38.249Z] [DEBUG] Converting to relative paths...
[2026-03-06T01:22:38.250Z] Project has 84 documentation files and 51 source files
[2026-03-06T01:22:38.250Z] README.md size: 2569 bytes, Has CHANGELOG: true, Has docs/ directory: true
[2026-03-06T01:22:38.250Z] Phase 2: Evaluating documentation coverage...
[2026-03-06T01:22:38.250Z] Step 0b: Documentation coverage adequate - no bootstrap needed
[2026-03-06T01:22:38.250Z] ✓ Step step_0b completed in 4ms
[2026-03-06T01:22:38.250Z] [DEBUG] [Performance] step_0b: 4ms
[2026-03-06T01:22:38.250Z] [DEBUG] Recorded outcome for step_0b: success
[2026-03-06T01:22:38.250Z] ✓ Completed: Bootstrap Documentation (0s)
