[2026-03-07T22:33:45.018Z] 
→ Starting: Pre-Analysis
[2026-03-07T22:33:45.018Z] ════════════════════════════════════════════════════════════
[2026-03-07T22:33:45.018Z] 🔷  Step 0: Pre-Analysis - Analyzing Recent Changes
[2026-03-07T22:33:45.018Z] ════════════════════════════════════════════════════════════
[2026-03-07T22:33:45.037Z] Commits ahead of remote: 0
[2026-03-07T22:33:45.037Z] Modified files: 7
[2026-03-07T22:33:45.049Z] ✓ Project kind from config: nodejs_automation (configured)
[2026-03-07T22:33:45.065Z] ✓ Pre-analysis complete:
  • Commits ahead: 0
  • Modified files: 7
  • Change scope: mixed-changes
  • Documentation: 0 files
  • Tests: 0 files
  • Source: 0 files
  • Config: 0 files
  • Project kind: nodejs_automation (100% confidence)

[2026-03-07T22:33:45.069Z] ✓ Step step_00 completed in 52ms
[2026-03-07T22:33:45.069Z] [DEBUG] [Performance] step_00: 51ms
[2026-03-07T22:33:45.069Z] [DEBUG] Recorded outcome for step_00: success
[2026-03-07T22:33:45.069Z] ✓ Completed: Pre-Analysis (0s)
