[2026-03-07T22:33:45.070Z] 
→ Starting: Bootstrap Documentation
[2026-03-07T22:33:45.070Z] [DEBUG] Step0bBootstrapDocs.execute()
[2026-03-07T22:33:45.070Z] ════════════════════════════════════════════════════════════
[2026-03-07T22:33:45.070Z] 🔷  Step 0b: Documentation Gap Analysis and Generation
[2026-03-07T22:33:45.070Z] ════════════════════════════════════════════════════════════
[2026-03-07T22:33:45.070Z] Phase 1: Gathering project statistics...
[2026-03-07T22:33:45.070Z] [DEBUG] Gathering project statistics by scanning files...
[2026-03-07T22:33:45.070Z] [DEBUG] Listing all files in the project directory...
[2026-03-07T22:33:45.070Z] [DEBUG] Project root: /home/mpb/Documents/GitHub/olinda_shell_interface.js
[2026-03-07T22:33:45.076Z] [DEBUG] Total files found: 407
[2026-03-07T22:33:45.076Z] [DEBUG] Converting to relative paths...
[2026-03-07T22:33:45.079Z] Project has 193 documentation files and 51 source files
[2026-03-07T22:33:45.079Z] README.md size: 2569 bytes, Has CHANGELOG: true, Has docs/ directory: true
[2026-03-07T22:33:45.079Z] Phase 2: Evaluating documentation coverage...
[2026-03-07T22:33:45.079Z] Step 0b: Documentation coverage adequate - no bootstrap needed
[2026-03-07T22:33:45.079Z] ✓ Step step_0b completed in 10ms
[2026-03-07T22:33:45.079Z] [DEBUG] [Performance] step_0b: 10ms
[2026-03-07T22:33:45.079Z] [DEBUG] Recorded outcome for step_0b: success
[2026-03-07T22:33:45.079Z] ✓ Completed: Bootstrap Documentation (0s)
