[2026-03-07T22:34:35.148Z] 
→ Starting: Documentation Optimization
[2026-03-07T22:34:35.149Z] Documentation optimization initialized
[2026-03-07T22:34:35.149Z] ════════════════════════════════════════════════════════════
[2026-03-07T22:34:35.149Z] 🔷  Step 2.5: Documentation Optimization
[2026-03-07T22:34:35.149Z] ════════════════════════════════════════════════════════════
[2026-03-07T22:34:35.160Z] Phase 1: Heuristics Analysis (8 files)
[2026-03-07T22:34:35.161Z] Calculating content hashes...
[2026-03-07T22:34:35.161Z] Found 0 duplicate groups (0 redundant files)
[2026-03-07T22:34:35.161Z] Analyzing document similarity...
[2026-03-07T22:34:35.168Z] Found 0 redundant pairs above 80% similarity
[2026-03-07T22:34:35.168Z] Found 0 exact duplicates, 0 redundant pairs
[2026-03-07T22:34:35.168Z] Phase 2: Git History Analysis
[2026-03-07T22:34:35.168Z] Analyzing git history for 8 files...
[2026-03-07T22:34:35.222Z] Completed git analysis for 8 files
[2026-03-07T22:34:35.223Z] Found 0 outdated files
[2026-03-07T22:34:35.223Z] Phase 3: Version Reference Analysis
[2026-03-07T22:34:35.223Z] Detected version from package.json: 0.5.3
[2026-03-07T22:34:35.223Z] Analyzing version references in 8 files (current: 0.5.3)...
[2026-03-07T22:34:35.225Z] Completed version analysis for 8 files
[2026-03-07T22:34:35.225Z] Version analysis complete (0 total outdated)
[2026-03-07T22:34:35.225Z] Phase 4: AI Edge Case Analysis (skipped - no AI analyzer)
[2026-03-07T22:34:35.225Z] Phase 5: Optimization Summary
[2026-03-07T22:34:35.225Z] 
📊 Analysis Results:
───────────────────
  Total files analyzed: 8
  Exact duplicates: 0
  Redundant pairs: 0
  Outdated files: 0
  Files to optimize: 0

[2026-03-07T22:34:35.225Z] No optimizations needed
[2026-03-07T22:34:35.225Z] ✓ Workflow complete (0s)
[2026-03-07T22:34:35.225Z] ✓ Step step_02_5 completed in 77ms
[2026-03-07T22:34:35.226Z] [DEBUG] [Performance] step_02_5: 77ms
[2026-03-07T22:34:35.226Z] [DEBUG] Recorded outcome for step_02_5: success
[2026-03-07T22:34:35.226Z] ✓ Completed: Documentation Optimization (0s)
