[2026-03-11T17:08:11.864Z] 
→ Starting: Documentation Optimization
[2026-03-11T17:08:11.874Z] Documentation optimization initialized
[2026-03-11T17:08:11.874Z] ════════════════════════════════════════════════════════════
[2026-03-11T17:08:11.874Z] 🔷  Step 2.5: Documentation Optimization
[2026-03-11T17:08:11.874Z] ════════════════════════════════════════════════════════════
[2026-03-11T17:08:11.874Z] Phase 1: Heuristics Analysis (10 files)
[2026-03-11T17:08:11.875Z] Calculating content hashes...
[2026-03-11T17:08:11.876Z] Found 0 duplicate groups (0 redundant files)
[2026-03-11T17:08:11.876Z] Analyzing document similarity...
[2026-03-11T17:08:11.885Z] Found 0 redundant pairs above 80% similarity
[2026-03-11T17:08:11.885Z] Found 0 exact duplicates, 0 redundant pairs
[2026-03-11T17:08:11.885Z] Phase 2: Git History Analysis
[2026-03-11T17:08:11.885Z] Analyzing git history for 10 files...
[2026-03-11T17:08:11.961Z] Completed git analysis for 10 files
[2026-03-11T17:08:11.961Z] Found 0 outdated files
[2026-03-11T17:08:11.961Z] Phase 3: Version Reference Analysis
[2026-03-11T17:08:11.962Z] Detected version from package.json: 0.5.7
[2026-03-11T17:08:11.962Z] Analyzing version references in 10 files (current: 0.5.7)...
[2026-03-11T17:08:11.965Z] Completed version analysis for 10 files
[2026-03-11T17:08:11.965Z] Version analysis complete (0 total outdated)
[2026-03-11T17:08:11.965Z] Phase 4: AI Edge Case Analysis (skipped - no AI analyzer)
[2026-03-11T17:08:11.965Z] Phase 5: Optimization Summary
[2026-03-11T17:08:11.965Z] 
📊 Analysis Results:
───────────────────
  Total files analyzed: 10
  Exact duplicates: 0
  Redundant pairs: 0
  Outdated files: 0
  Files to optimize: 0

[2026-03-11T17:08:11.965Z] No optimizations needed
[2026-03-11T17:08:11.965Z] ✓ Workflow complete (0s)
[2026-03-11T17:08:11.965Z] ✓ Step step_02_5 completed in 101ms
[2026-03-11T17:08:11.966Z] [DEBUG] [Performance] step_02_5: 102ms
[2026-03-11T17:08:11.966Z] [DEBUG] Recorded outcome for step_02_5: success
[2026-03-11T17:08:11.966Z] ✓ Completed: Documentation Optimization (0s)
