[2026-03-11T17:07:15.240Z] 
→ Starting: Bootstrap Documentation
[2026-03-11T17:07:15.249Z] [DEBUG] Step0bBootstrapDocs.execute()
[2026-03-11T17:07:15.249Z] ════════════════════════════════════════════════════════════
[2026-03-11T17:07:15.249Z] 🔷  Step 0b: Documentation Gap Analysis and Generation
[2026-03-11T17:07:15.249Z] ════════════════════════════════════════════════════════════
[2026-03-11T17:07:15.249Z] Phase 1: Gathering project statistics...
[2026-03-11T17:07:15.249Z] [DEBUG] Gathering project statistics by scanning files...
[2026-03-11T17:07:15.249Z] [DEBUG] Listing all files in the project directory...
[2026-03-11T17:07:15.249Z] [DEBUG] Project root: /home/mpb/Documents/GitHub/olinda_shell_interface.js
[2026-03-11T17:07:15.250Z] [DEBUG] Total files found: 106
[2026-03-11T17:07:15.250Z] [DEBUG] Converting to relative paths...
[2026-03-11T17:07:15.251Z] Project has 20 documentation files and 57 source files
[2026-03-11T17:07:15.251Z] README.md size: 4669 bytes, Has CHANGELOG: true, Has docs/ directory: true
[2026-03-11T17:07:15.251Z] Phase 2: Evaluating documentation coverage...
[2026-03-11T17:07:15.251Z] Step 0b: Documentation coverage adequate - no bootstrap needed
[2026-03-11T17:07:15.251Z] ✓ Step step_0b completed in 12ms
[2026-03-11T17:07:15.251Z] [DEBUG] [Performance] step_0b: 12ms
[2026-03-11T17:07:15.251Z] [DEBUG] Recorded outcome for step_0b: success
[2026-03-11T17:07:15.251Z] ✓ Completed: Bootstrap Documentation (0s)
