[2026-03-11T17:07:15.190Z] 
→ Starting: Pre-Analysis
[2026-03-11T17:07:15.202Z] ════════════════════════════════════════════════════════════
[2026-03-11T17:07:15.202Z] 🔷  Step 0: Pre-Analysis - Analyzing Recent Changes
[2026-03-11T17:07:15.202Z] ════════════════════════════════════════════════════════════
[2026-03-11T17:07:15.220Z] Commits ahead of remote: 0
[2026-03-11T17:07:15.220Z] Modified files: 125
[2026-03-11T17:07:15.223Z] ✓ Project kind from config: nodejs_automation (configured)
[2026-03-11T17:07:15.235Z] ✓ Pre-analysis complete:
  • Commits ahead: 0
  • Modified files: 125
  • Change scope: code-and-docs
  • Documentation: 1 files
  • Tests: 0 files
  • Source: 4 files
  • Config: 0 files
  • Project kind: nodejs_automation (100% confidence)

[2026-03-11T17:07:15.239Z] ✓ Step step_00 completed in 49ms
[2026-03-11T17:07:15.239Z] [DEBUG] [Performance] step_00: 49ms
[2026-03-11T17:07:15.239Z] [DEBUG] Recorded outcome for step_00: success
[2026-03-11T17:07:15.239Z] ✓ Completed: Pre-Analysis (0s)
