[2026-03-03T16:58:45.242Z] 
→ Starting: Documentation Optimization
[2026-03-03T16:58:45.243Z] Documentation optimization initialized
[2026-03-03T16:58:45.243Z] ════════════════════════════════════════════════════════════
[2026-03-03T16:58:45.243Z] 🔷  Step 2.5: Documentation Optimization
[2026-03-03T16:58:45.243Z] ════════════════════════════════════════════════════════════
[2026-03-03T16:58:45.244Z] Phase 1: Heuristics Analysis (6 files)
[2026-03-03T16:58:45.247Z] Calculating content hashes...
[2026-03-03T16:58:45.248Z] Found 0 duplicate groups (0 redundant files)
[2026-03-03T16:58:45.248Z] Analyzing document similarity...
[2026-03-03T16:58:45.258Z] Found 0 redundant pairs above 80% similarity
[2026-03-03T16:58:45.258Z] Found 0 exact duplicates, 0 redundant pairs
[2026-03-03T16:58:45.258Z] Phase 2: Git History Analysis
[2026-03-03T16:58:45.258Z] Analyzing git history for 6 files...
[2026-03-03T16:58:45.322Z] Completed git analysis for 6 files
[2026-03-03T16:58:45.323Z] Found 0 outdated files
[2026-03-03T16:58:45.323Z] Phase 3: Version Reference Analysis
[2026-03-03T16:58:45.325Z] Detected version from package.json: 0.4.1
[2026-03-03T16:58:45.325Z] Analyzing version references in 6 files (current: 0.4.1)...
[2026-03-03T16:58:45.330Z] Completed version analysis for 6 files
[2026-03-03T16:58:45.330Z] Version analysis complete (0 total outdated)
[2026-03-03T16:58:45.331Z] Phase 4: AI Edge Case Analysis (skipped - no AI analyzer)
[2026-03-03T16:58:45.331Z] Phase 5: Optimization Summary
[2026-03-03T16:58:45.331Z] 
📊 Analysis Results:
───────────────────
  Total files analyzed: 6
  Exact duplicates: 0
  Redundant pairs: 0
  Outdated files: 0
  Files to optimize: 0

[2026-03-03T16:58:45.331Z] No optimizations needed
[2026-03-03T16:58:45.331Z] ✓ Workflow complete (0s)
[2026-03-03T16:58:45.331Z] ✓ Step step_02_5 completed in 89ms
[2026-03-03T16:58:45.331Z] [DEBUG] [Performance] step_02_5: 89ms
[2026-03-03T16:58:45.331Z] [DEBUG] Recorded outcome for step_02_5: success
[2026-03-03T16:58:45.331Z] ✓ Completed: Documentation Optimization (0s)
