[2026-03-03T16:57:00.015Z] 
→ Starting: Pre-Analysis
[2026-03-03T16:57:00.016Z] ════════════════════════════════════════════════════════════
[2026-03-03T16:57:00.016Z] 🔷  Step 0: Pre-Analysis - Analyzing Recent Changes
[2026-03-03T16:57:00.016Z] ════════════════════════════════════════════════════════════
[2026-03-03T16:57:00.052Z] Commits ahead of remote: 0
[2026-03-03T16:57:00.052Z] Modified files: 48
[2026-03-03T16:57:00.061Z] ✓ Project kind from config: nodejs_automation (configured)
[2026-03-03T16:57:00.077Z] ✓ Pre-analysis complete:
  • Commits ahead: 0
  • Modified files: 48
  • Change scope: full-stack
  • Documentation: 4 files
  • Tests: 1 files
  • Source: 1 files
  • Config: 0 files
  • Project kind: nodejs_automation (100% confidence)

[2026-03-03T16:57:00.088Z] ✓ Step step_00 completed in 74ms
[2026-03-03T16:57:00.089Z] [DEBUG] [Performance] step_00: 75ms
[2026-03-03T16:57:00.090Z] [DEBUG] Recorded outcome for step_00: success
[2026-03-03T16:57:00.090Z] ✓ Completed: Pre-Analysis (0s)
