[2026-03-07T20:12:22.726Z] 
→ Starting: Pre-Analysis
[2026-03-07T20:12:22.727Z] ════════════════════════════════════════════════════════════
[2026-03-07T20:12:22.727Z] 🔷  Step 0: Pre-Analysis - Analyzing Recent Changes
[2026-03-07T20:12:22.727Z] ════════════════════════════════════════════════════════════
[2026-03-07T20:12:22.761Z] Commits ahead of remote: 0
[2026-03-07T20:12:22.761Z] Modified files: 4
[2026-03-07T20:12:22.795Z] ✓ Project kind from config: nodejs_automation (configured)
[2026-03-07T20:12:22.835Z] ✓ Pre-analysis complete:
  • Commits ahead: 0
  • Modified files: 4
  • Change scope: mixed-changes
  • Documentation: 1 files
  • Tests: 0 files
  • Source: 0 files
  • Config: 2 files
  • Project kind: nodejs_automation (100% confidence)

[2026-03-07T20:12:22.846Z] ✓ Step step_00 completed in 121ms
[2026-03-07T20:12:22.847Z] [DEBUG] [Performance] step_00: 121ms
[2026-03-07T20:12:22.847Z] [DEBUG] Recorded outcome for step_00: success
[2026-03-07T20:12:22.847Z] ✓ Completed: Pre-Analysis (0s)
