[2026-03-07T20:12:22.848Z] 
→ Starting: Bootstrap Documentation
[2026-03-07T20:12:22.849Z] [DEBUG] Step0bBootstrapDocs.execute()
[2026-03-07T20:12:22.849Z] ════════════════════════════════════════════════════════════
[2026-03-07T20:12:22.849Z] 🔷  Step 0b: Documentation Gap Analysis and Generation
[2026-03-07T20:12:22.849Z] ════════════════════════════════════════════════════════════
[2026-03-07T20:12:22.849Z] Phase 1: Gathering project statistics...
[2026-03-07T20:12:22.849Z] [DEBUG] Gathering project statistics by scanning files...
[2026-03-07T20:12:22.849Z] [DEBUG] Listing all files in the project directory...
[2026-03-07T20:12:22.849Z] [DEBUG] Project root: /home/mpb/Documents/GitHub/olinda_shell_interface.js
[2026-03-07T20:12:22.886Z] [DEBUG] Total files found: 282
[2026-03-07T20:12:22.886Z] [DEBUG] Converting to relative paths...
[2026-03-07T20:12:22.890Z] Project has 120 documentation files and 51 source files
[2026-03-07T20:12:22.890Z] README.md size: 2569 bytes, Has CHANGELOG: true, Has docs/ directory: true
[2026-03-07T20:12:22.890Z] Phase 2: Evaluating documentation coverage...
[2026-03-07T20:12:22.890Z] Step 0b: Documentation coverage adequate - no bootstrap needed
[2026-03-07T20:12:22.891Z] ✓ Step step_0b completed in 43ms
[2026-03-07T20:12:22.891Z] [DEBUG] [Performance] step_0b: 43ms
[2026-03-07T20:12:22.891Z] [DEBUG] Recorded outcome for step_0b: success
[2026-03-07T20:12:22.891Z] ✓ Completed: Bootstrap Documentation (0s)
