[2026-03-07T22:18:52.556Z] 
→ Starting: Bootstrap Documentation
[2026-03-07T22:18:52.556Z] [DEBUG] Step0bBootstrapDocs.execute()
[2026-03-07T22:18:52.556Z] ════════════════════════════════════════════════════════════
[2026-03-07T22:18:52.556Z] 🔷  Step 0b: Documentation Gap Analysis and Generation
[2026-03-07T22:18:52.556Z] ════════════════════════════════════════════════════════════
[2026-03-07T22:18:52.556Z] Phase 1: Gathering project statistics...
[2026-03-07T22:18:52.556Z] [DEBUG] Gathering project statistics by scanning files...
[2026-03-07T22:18:52.556Z] [DEBUG] Listing all files in the project directory...
[2026-03-07T22:18:52.556Z] [DEBUG] Project root: /home/mpb/Documents/GitHub/olinda_shell_interface.js
[2026-03-07T22:18:52.564Z] [DEBUG] Total files found: 344
[2026-03-07T22:18:52.565Z] [DEBUG] Converting to relative paths...
[2026-03-07T22:18:52.566Z] Project has 156 documentation files and 51 source files
[2026-03-07T22:18:52.566Z] README.md size: 2569 bytes, Has CHANGELOG: true, Has docs/ directory: true
[2026-03-07T22:18:52.566Z] Phase 2: Evaluating documentation coverage...
[2026-03-07T22:18:52.566Z] Step 0b: Documentation coverage adequate - no bootstrap needed
[2026-03-07T22:18:52.567Z] ✓ Step step_0b completed in 12ms
[2026-03-07T22:18:52.567Z] [DEBUG] [Performance] step_0b: 12ms
[2026-03-07T22:18:52.567Z] [DEBUG] Recorded outcome for step_0b: success
[2026-03-07T22:18:52.567Z] ✓ Completed: Bootstrap Documentation (0s)
