[2026-03-07T22:18:52.503Z] 
→ Starting: Pre-Analysis
[2026-03-07T22:18:52.504Z] ════════════════════════════════════════════════════════════
[2026-03-07T22:18:52.504Z] 🔷  Step 0: Pre-Analysis - Analyzing Recent Changes
[2026-03-07T22:18:52.504Z] ════════════════════════════════════════════════════════════
[2026-03-07T22:18:52.522Z] Commits ahead of remote: 0
[2026-03-07T22:18:52.522Z] Modified files: 2
[2026-03-07T22:18:52.535Z] ✓ Project kind from config: nodejs_automation (configured)
[2026-03-07T22:18:52.551Z] ✓ Pre-analysis complete:
  • Commits ahead: 0
  • Modified files: 2
  • Change scope: configuration
  • Documentation: 0 files
  • Tests: 0 files
  • Source: 0 files
  • Config: 1 files
  • Project kind: nodejs_automation (100% confidence)

[2026-03-07T22:18:52.555Z] ✓ Step step_00 completed in 52ms
[2026-03-07T22:18:52.555Z] [DEBUG] [Performance] step_00: 52ms
[2026-03-07T22:18:52.555Z] [DEBUG] Recorded outcome for step_00: success
[2026-03-07T22:18:52.555Z] ✓ Completed: Pre-Analysis (0s)
