[2026-03-07T22:19:42.723Z] 
→ Starting: Documentation Optimization
[2026-03-07T22:19:42.723Z] Documentation optimization initialized
[2026-03-07T22:19:42.723Z] ════════════════════════════════════════════════════════════
[2026-03-07T22:19:42.723Z] 🔷  Step 2.5: Documentation Optimization
[2026-03-07T22:19:42.723Z] ════════════════════════════════════════════════════════════
[2026-03-07T22:19:42.733Z] Phase 1: Heuristics Analysis (8 files)
[2026-03-07T22:19:42.735Z] Calculating content hashes...
[2026-03-07T22:19:42.735Z] Found 0 duplicate groups (0 redundant files)
[2026-03-07T22:19:42.735Z] Analyzing document similarity...
[2026-03-07T22:19:42.742Z] Found 0 redundant pairs above 80% similarity
[2026-03-07T22:19:42.742Z] Found 0 exact duplicates, 0 redundant pairs
[2026-03-07T22:19:42.742Z] Phase 2: Git History Analysis
[2026-03-07T22:19:42.742Z] Analyzing git history for 8 files...
[2026-03-07T22:19:42.798Z] Completed git analysis for 8 files
[2026-03-07T22:19:42.799Z] Found 0 outdated files
[2026-03-07T22:19:42.799Z] Phase 3: Version Reference Analysis
[2026-03-07T22:19:42.799Z] Detected version from package.json: 0.5.2
[2026-03-07T22:19:42.799Z] Analyzing version references in 8 files (current: 0.5.2)...
[2026-03-07T22:19:42.801Z] Completed version analysis for 8 files
[2026-03-07T22:19:42.801Z] Version analysis complete (0 total outdated)
[2026-03-07T22:19:42.801Z] Phase 4: AI Edge Case Analysis (skipped - no AI analyzer)
[2026-03-07T22:19:42.801Z] Phase 5: Optimization Summary
[2026-03-07T22:19:42.801Z] 
📊 Analysis Results:
───────────────────
  Total files analyzed: 8
  Exact duplicates: 0
  Redundant pairs: 0
  Outdated files: 0
  Files to optimize: 0

[2026-03-07T22:19:42.801Z] No optimizations needed
[2026-03-07T22:19:42.801Z] ✓ Workflow complete (0s)
[2026-03-07T22:19:42.801Z] ✓ Step step_02_5 completed in 78ms
[2026-03-07T22:19:42.802Z] [DEBUG] [Performance] step_02_5: 78ms
[2026-03-07T22:19:42.802Z] [DEBUG] Recorded outcome for step_02_5: success
[2026-03-07T22:19:42.802Z] ✓ Completed: Documentation Optimization (0s)
