[2026-03-03T20:46:37.379Z] 
→ Starting: Documentation Optimization
[2026-03-03T20:46:37.379Z] Documentation optimization initialized
[2026-03-03T20:46:37.379Z] ════════════════════════════════════════════════════════════
[2026-03-03T20:46:37.379Z] 🔷  Step 2.5: Documentation Optimization
[2026-03-03T20:46:37.379Z] ════════════════════════════════════════════════════════════
[2026-03-03T20:46:37.380Z] Phase 1: Heuristics Analysis (6 files)
[2026-03-03T20:46:37.380Z] Calculating content hashes...
[2026-03-03T20:46:37.380Z] Found 0 duplicate groups (0 redundant files)
[2026-03-03T20:46:37.380Z] Analyzing document similarity...
[2026-03-03T20:46:37.385Z] Found 0 redundant pairs above 80% similarity
[2026-03-03T20:46:37.385Z] Found 0 exact duplicates, 0 redundant pairs
[2026-03-03T20:46:37.385Z] Phase 2: Git History Analysis
[2026-03-03T20:46:37.385Z] Analyzing git history for 6 files...
[2026-03-03T20:46:37.414Z] Completed git analysis for 6 files
[2026-03-03T20:46:37.414Z] Found 0 outdated files
[2026-03-03T20:46:37.414Z] Phase 3: Version Reference Analysis
[2026-03-03T20:46:37.415Z] Detected version from package.json: 0.4.2
[2026-03-03T20:46:37.415Z] Analyzing version references in 6 files (current: 0.4.2)...
[2026-03-03T20:46:37.417Z] Completed version analysis for 6 files
[2026-03-03T20:46:37.417Z] Version analysis complete (0 total outdated)
[2026-03-03T20:46:37.417Z] Phase 4: AI Edge Case Analysis (skipped - no AI analyzer)
[2026-03-03T20:46:37.417Z] Phase 5: Optimization Summary
[2026-03-03T20:46:37.417Z] 
📊 Analysis Results:
───────────────────
  Total files analyzed: 6
  Exact duplicates: 0
  Redundant pairs: 0
  Outdated files: 0
  Files to optimize: 0

[2026-03-03T20:46:37.418Z] No optimizations needed
[2026-03-03T20:46:37.418Z] ✓ Workflow complete (0s)
[2026-03-03T20:46:37.418Z] ✓ Step step_02_5 completed in 39ms
[2026-03-03T20:46:37.418Z] [DEBUG] [Performance] step_02_5: 39ms
[2026-03-03T20:46:37.418Z] [DEBUG] Recorded outcome for step_02_5: success
[2026-03-03T20:46:37.418Z] ✓ Completed: Documentation Optimization (0s)
