[2026-03-03T20:45:49.633Z] 
→ Starting: Pre-Analysis
[2026-03-03T20:45:49.633Z] ════════════════════════════════════════════════════════════
[2026-03-03T20:45:49.633Z] 🔷  Step 0: Pre-Analysis - Analyzing Recent Changes
[2026-03-03T20:45:49.633Z] ════════════════════════════════════════════════════════════
[2026-03-03T20:45:49.650Z] Commits ahead of remote: 0
[2026-03-03T20:45:49.650Z] Modified files: 6
[2026-03-03T20:45:49.654Z] ✓ Project kind from config: nodejs_automation (configured)
[2026-03-03T20:45:49.662Z] ✓ Pre-analysis complete:
  • Commits ahead: 0
  • Modified files: 6
  • Change scope: mixed-changes
  • Documentation: 0 files
  • Tests: 0 files
  • Source: 0 files
  • Config: 0 files
  • Project kind: nodejs_automation (100% confidence)

[2026-03-03T20:45:49.667Z] ✓ Step step_00 completed in 34ms
[2026-03-03T20:45:49.667Z] [DEBUG] [Performance] step_00: 34ms
[2026-03-03T20:45:49.667Z] [DEBUG] Recorded outcome for step_00: success
[2026-03-03T20:45:49.667Z] ✓ Completed: Pre-Analysis (0s)
