[2026-03-05T17:25:21.075Z] 
→ Starting: Pre-Analysis
[2026-03-05T17:25:21.076Z] ════════════════════════════════════════════════════════════
[2026-03-05T17:25:21.076Z] 🔷  Step 0: Pre-Analysis - Analyzing Recent Changes
[2026-03-05T17:25:21.076Z] ════════════════════════════════════════════════════════════
[2026-03-05T17:25:21.092Z] Commits ahead of remote: 0
[2026-03-05T17:25:21.092Z] Modified files: 7
[2026-03-05T17:25:21.095Z] ✓ Project kind from config: nodejs_automation (configured)
[2026-03-05T17:25:21.104Z] ✓ Pre-analysis complete:
  • Commits ahead: 0
  • Modified files: 7
  • Change scope: mixed-changes
  • Documentation: 0 files
  • Tests: 0 files
  • Source: 0 files
  • Config: 0 files
  • Project kind: nodejs_automation (100% confidence)

[2026-03-05T17:25:21.108Z] ✓ Step step_00 completed in 33ms
[2026-03-05T17:25:21.108Z] [DEBUG] [Performance] step_00: 33ms
[2026-03-05T17:25:21.108Z] [DEBUG] Recorded outcome for step_00: success
[2026-03-05T17:25:21.108Z] ✓ Completed: Pre-Analysis (0s)
