[2026-03-11T13:21:25.102Z] 
→ Starting: Documentation Optimization
[2026-03-11T13:21:25.122Z] Documentation optimization initialized
[2026-03-11T13:21:25.122Z] ════════════════════════════════════════════════════════════
[2026-03-11T13:21:25.123Z] 🔷  Step 2.5: Documentation Optimization
[2026-03-11T13:21:25.123Z] ════════════════════════════════════════════════════════════
[2026-03-11T13:21:25.123Z] Phase 1: Heuristics Analysis (10 files)
[2026-03-11T13:21:25.129Z] Calculating content hashes...
[2026-03-11T13:21:25.130Z] Found 0 duplicate groups (0 redundant files)
[2026-03-11T13:21:25.130Z] Analyzing document similarity...
[2026-03-11T13:21:25.155Z] Found 0 redundant pairs above 80% similarity
[2026-03-11T13:21:25.155Z] Found 0 exact duplicates, 0 redundant pairs
[2026-03-11T13:21:25.155Z] Phase 2: Git History Analysis
[2026-03-11T13:21:25.155Z] Analyzing git history for 10 files...
[2026-03-11T13:21:25.416Z] Completed git analysis for 10 files
[2026-03-11T13:21:25.417Z] Found 0 outdated files
[2026-03-11T13:21:25.417Z] Phase 3: Version Reference Analysis
[2026-03-11T13:21:25.418Z] Detected version from package.json: 0.5.6
[2026-03-11T13:21:25.418Z] Analyzing version references in 10 files (current: 0.5.6)...
[2026-03-11T13:21:25.424Z] Completed version analysis for 10 files
[2026-03-11T13:21:25.424Z] Version analysis complete (0 total outdated)
[2026-03-11T13:21:25.424Z] Phase 4: AI Edge Case Analysis (skipped - no AI analyzer)
[2026-03-11T13:21:25.424Z] Phase 5: Optimization Summary
[2026-03-11T13:21:25.424Z] 
📊 Analysis Results:
───────────────────
  Total files analyzed: 10
  Exact duplicates: 0
  Redundant pairs: 0
  Outdated files: 0
  Files to optimize: 0

[2026-03-11T13:21:25.424Z] No optimizations needed
[2026-03-11T13:21:25.424Z] ✓ Workflow complete (0s)
[2026-03-11T13:21:25.424Z] ✓ Step step_02_5 completed in 322ms
[2026-03-11T13:21:25.425Z] [DEBUG] [Performance] step_02_5: 323ms
[2026-03-11T13:21:25.425Z] [DEBUG] Recorded outcome for step_02_5: success
[2026-03-11T13:21:25.425Z] ✓ Completed: Documentation Optimization (0s)
