[2026-03-11T13:20:44.997Z] 
→ Starting: Pre-Analysis
[2026-03-11T13:20:45.028Z] ════════════════════════════════════════════════════════════
[2026-03-11T13:20:45.028Z] 🔷  Step 0: Pre-Analysis - Analyzing Recent Changes
[2026-03-11T13:20:45.028Z] ════════════════════════════════════════════════════════════
[2026-03-11T13:20:45.066Z] Commits ahead of remote: 0
[2026-03-11T13:20:45.066Z] Modified files: 7
[2026-03-11T13:20:45.077Z] ✓ Project kind from config: nodejs_automation (configured)
[2026-03-11T13:20:45.120Z] ✓ Pre-analysis complete:
  • Commits ahead: 0
  • Modified files: 7
  • Change scope: full-stack
  • Documentation: 1 files
  • Tests: 1 files
  • Source: 2 files
  • Config: 2 files
  • Project kind: nodejs_automation (100% confidence)

[2026-03-11T13:20:45.131Z] ✓ Step step_00 completed in 136ms
[2026-03-11T13:20:45.132Z] [DEBUG] [Performance] step_00: 136ms
[2026-03-11T13:20:45.133Z] [DEBUG] Recorded outcome for step_00: success
[2026-03-11T13:20:45.133Z] ✓ Completed: Pre-Analysis (0s)
