[2026-03-11T13:20:45.134Z] 
→ Starting: Bootstrap Documentation
[2026-03-11T13:20:45.158Z] [DEBUG] Step0bBootstrapDocs.execute()
[2026-03-11T13:20:45.159Z] ════════════════════════════════════════════════════════════
[2026-03-11T13:20:45.159Z] 🔷  Step 0b: Documentation Gap Analysis and Generation
[2026-03-11T13:20:45.159Z] ════════════════════════════════════════════════════════════
[2026-03-11T13:20:45.159Z] Phase 1: Gathering project statistics...
[2026-03-11T13:20:45.159Z] [DEBUG] Gathering project statistics by scanning files...
[2026-03-11T13:20:45.159Z] [DEBUG] Listing all files in the project directory...
[2026-03-11T13:20:45.159Z] [DEBUG] Project root: /home/mpb/Documents/GitHub/olinda_shell_interface.js
[2026-03-11T13:20:45.172Z] [DEBUG] Total files found: 162
[2026-03-11T13:20:45.172Z] [DEBUG] Converting to relative paths...
[2026-03-11T13:20:45.175Z] Project has 54 documentation files and 53 source files
[2026-03-11T13:20:45.175Z] README.md size: 2569 bytes, Has CHANGELOG: true, Has docs/ directory: true
[2026-03-11T13:20:45.175Z] Phase 2: Evaluating documentation coverage...
[2026-03-11T13:20:45.175Z] Step 0b: Documentation coverage adequate - no bootstrap needed
[2026-03-11T13:20:45.176Z] ✓ Step step_0b completed in 43ms
[2026-03-11T13:20:45.176Z] [DEBUG] [Performance] step_0b: 43ms
[2026-03-11T13:20:45.177Z] [DEBUG] Recorded outcome for step_0b: success
[2026-03-11T13:20:45.177Z] ✓ Completed: Bootstrap Documentation (0s)
