[2026-03-05T14:59:14.364Z] 
→ Starting: Pre-Analysis
[2026-03-05T14:59:14.364Z] ════════════════════════════════════════════════════════════
[2026-03-05T14:59:14.364Z] 🔷  Step 0: Pre-Analysis - Analyzing Recent Changes
[2026-03-05T14:59:14.364Z] ════════════════════════════════════════════════════════════
[2026-03-05T14:59:14.378Z] Commits ahead of remote: 0
[2026-03-05T14:59:14.378Z] Modified files: 65
[2026-03-05T14:59:14.383Z] ✓ Project kind from config: nodejs_automation (configured)
[2026-03-05T14:59:14.392Z] ✓ Pre-analysis complete:
  • Commits ahead: 0
  • Modified files: 65
  • Change scope: mixed-changes
  • Documentation: 2 files
  • Tests: 2 files
  • Source: 0 files
  • Config: 3 files
  • Project kind: nodejs_automation (100% confidence)

[2026-03-05T14:59:14.397Z] ✓ Step step_00 completed in 33ms
[2026-03-05T14:59:14.397Z] [DEBUG] [Performance] step_00: 33ms
[2026-03-05T14:59:14.397Z] [DEBUG] Recorded outcome for step_00: success
[2026-03-05T14:59:14.397Z] ✓ Completed: Pre-Analysis (0s)
