[2026-03-05T15:01:26.431Z] 
→ Starting: Documentation Optimization
[2026-03-05T15:01:26.431Z] Documentation optimization initialized
[2026-03-05T15:01:26.431Z] ════════════════════════════════════════════════════════════
[2026-03-05T15:01:26.431Z] 🔷  Step 2.5: Documentation Optimization
[2026-03-05T15:01:26.431Z] ════════════════════════════════════════════════════════════
[2026-03-05T15:01:26.432Z] Phase 1: Heuristics Analysis (8 files)
[2026-03-05T15:01:26.433Z] Calculating content hashes...
[2026-03-05T15:01:26.433Z] Found 0 duplicate groups (0 redundant files)
[2026-03-05T15:01:26.433Z] Analyzing document similarity...
[2026-03-05T15:01:26.439Z] Found 0 redundant pairs above 80% similarity
[2026-03-05T15:01:26.439Z] Found 0 exact duplicates, 0 redundant pairs
[2026-03-05T15:01:26.439Z] Phase 2: Git History Analysis
[2026-03-05T15:01:26.439Z] Analyzing git history for 8 files...
[2026-03-05T15:01:26.481Z] Completed git analysis for 8 files
[2026-03-05T15:01:26.481Z] Found 0 outdated files
[2026-03-05T15:01:26.481Z] Phase 3: Version Reference Analysis
[2026-03-05T15:01:26.482Z] Detected version from package.json: 0.4.6
[2026-03-05T15:01:26.482Z] Analyzing version references in 8 files (current: 0.4.6)...
[2026-03-05T15:01:26.483Z] Completed version analysis for 8 files
[2026-03-05T15:01:26.484Z] Version analysis complete (0 total outdated)
[2026-03-05T15:01:26.484Z] Phase 4: AI Edge Case Analysis (skipped - no AI analyzer)
[2026-03-05T15:01:26.484Z] Phase 5: Optimization Summary
[2026-03-05T15:01:26.484Z] 
📊 Analysis Results:
───────────────────
  Total files analyzed: 8
  Exact duplicates: 0
  Redundant pairs: 0
  Outdated files: 0
  Files to optimize: 0

[2026-03-05T15:01:26.484Z] No optimizations needed
[2026-03-05T15:01:26.484Z] ✓ Workflow complete (0s)
[2026-03-05T15:01:26.484Z] ✓ Step step_02_5 completed in 53ms
[2026-03-05T15:01:26.484Z] [DEBUG] [Performance] step_02_5: 53ms
[2026-03-05T15:01:26.484Z] [DEBUG] Recorded outcome for step_02_5: success
[2026-03-05T15:01:26.484Z] ✓ Completed: Documentation Optimization (0s)
